#
# There is insufficient memory for the Java Runtime Environment to continue.
# Native memory allocation (mmap) failed to map 65536 bytes for Failed to commit metaspace.
# Possible reasons:
#   The system is out of physical RAM or swap space
#   The process is running with CompressedOops enabled, and the Java Heap may be blocking the growth of the native heap
# Possible solutions:
#   Reduce memory load on the system
#   Increase physical memory or swap space
#   Check if swap backing store is full
#   Decrease Java heap size (-Xmx/-Xms)
#   Decrease number of Java threads
#   Decrease Java thread stack sizes (-Xss)
#   Set larger code cache with -XX:ReservedCodeCacheSize=
#   JVM is running with Unscaled Compressed Oops mode in which the Java heap is
#     placed in the first 4GB address space. The Java Heap base address is the
#     maximum limit for the native heap growth. Please use -XX:HeapBaseMinAddress
#     to set the Java Heap base and to place the Java Heap above 4GB virtual address.
# This output file may be truncated or incomplete.
#
#  Out of Memory Error (virtualSpaceNode.cpp:108), pid=12476, tid=8864
#
# JRE version: Java(TM) SE Runtime Environment (16.0.2+7) (build 16.0.2+7-67)
# Java VM: Java HotSpot(TM) 64-Bit Server VM (16.0.2+7-67, mixed mode, sharing, tiered, compressed oops, compressed class ptrs, g1 gc, windows-amd64)
# No core dump will be written. Minidumps are not enabled by default on client versions of Windows
#

---------------  S U M M A R Y ------------

Command Line: -agentlib:jdwp=transport=dt_socket,address=127.0.0.1:63237,suspend=y,server=n -XX:TieredStopAtLevel=1 -Xverify:none -Dspring.output.ansi.enabled=always -javaagent:C:\Users\User\AppData\Local\JetBrains\IntelliJIdea2021.1\captureAgent\debugger-agent.jar -Dcom.sun.management.jmxremote -Dspring.jmx.enabled=true -Dspring.liveBeansView.mbeanDomain -Dspring.application.admin.enabled=true -Dfile.encoding=UTF-8 tech.employee.tech.TechApplication

Host: AMD Ryzen 5 4500U with Radeon Graphics         , 6 cores, 7G,  Windows 10 , 64 bit Build 19041 (10.0.19041.1151)
Time: Wed Nov 17 11:43:43 2021  Windows 10 , 64 bit Build 19041 (10.0.19041.1151) elapsed time: 1.162665 seconds (0d 0h 0m 1s)

---------------  T H R E A D  ---------------

Current thread (0x000001add112acd0):  JavaThread "main" [_thread_in_vm, id=8864, stack(0x0000001f75600000,0x0000001f75700000)]

Stack: [0x0000001f75600000,0x0000001f75700000]
Native frames: (J=compiled Java code, j=interpreted, Vv=VM code, C=native code)
V  [jvm.dll+0x6681ca]
V  [jvm.dll+0x7c9e69]
V  [jvm.dll+0x7cb61e]
V  [jvm.dll+0x7cbc73]
V  [jvm.dll+0x242c55]
V  [jvm.dll+0x7c64eb]
V  [jvm.dll+0x60ddd6]
V  [jvm.dll+0x60de3a]
V  [jvm.dll+0x61046a]
V  [jvm.dll+0x60e6d1]
V  [jvm.dll+0x23709f]
V  [jvm.dll+0x618d55]
V  [jvm.dll+0x1e97ef]
V  [jvm.dll+0x1e9d25]
V  [jvm.dll+0x1ea8af]
V  [jvm.dll+0x1df631]
V  [jvm.dll+0x535ff8]
V  [jvm.dll+0x1f0d52]
V  [jvm.dll+0x741863]
V  [jvm.dll+0x743108]
V  [jvm.dll+0x743433]
V  [jvm.dll+0x23ab24]
V  [jvm.dll+0x375531]
C  0x000001adda0988db

Java frames: (J=compiled Java code, j=interpreted, Vv=VM code)
j  javax.management.NotificationBroadcasterSupport.<clinit>()V+17 java.management@16.0.2
v  ~StubRoutines::call_stub
j  javax.management.MBeanServerDelegate.<init>()V+17 java.management@16.0.2
j  com.sun.jmx.mbeanserver.MBeanServerDelegateImpl.<init>()V+1 java.management@16.0.2
j  com.sun.jmx.mbeanserver.JmxMBeanServer.newMBeanServerDelegate()Ljavax/management/MBeanServerDelegate;+4 java.management@16.0.2
j  javax.management.MBeanServerBuilder.newMBeanServerDelegate()Ljavax/management/MBeanServerDelegate;+0 java.management@16.0.2
j  javax.management.MBeanServerFactory.newMBeanServer(Ljava/lang/String;)Ljavax/management/MBeanServer;+14 java.management@16.0.2
j  javax.management.MBeanServerFactory.createMBeanServer(Ljava/lang/String;)Ljavax/management/MBeanServer;+6 java.management@16.0.2
j  javax.management.MBeanServerFactory.createMBeanServer()Ljavax/management/MBeanServer;+1 java.management@16.0.2
j  java.lang.management.ManagementFactory.getPlatformMBeanServer()Ljavax/management/MBeanServer;+29 java.management@16.0.2
j  sun.management.jmxremote.ConnectorBootstrap.startLocalConnectorServer()Ljavax/management/remote/JMXConnectorServer;+88 jdk.management.agent@16.0.2
j  jdk.internal.agent.Agent.startLocalManagementAgent()V+13 jdk.management.agent@16.0.2
j  jdk.internal.agent.Agent.startAgent(Ljava/util/Properties;)V+58 jdk.management.agent@16.0.2
j  jdk.internal.agent.Agent.startAgent()V+20 jdk.management.agent@16.0.2
v  ~StubRoutines::call_stub

---------------  P R O C E S S  ---------------

Threads class SMR info:
_java_thread_list=0x000001adf14f3a20, length=14, elements={
0x000001add112acd0, 0x000001adf07b22e0, 0x000001adf07b2eb0, 0x000001adf07ca610,
0x000001adf07caf20, 0x000001adf07cb830, 0x000001adf07cc140, 0x000001adf07cca50,
0x000001adf07ce3b0, 0x000001adf1467fb0, 0x000001adf14a5760, 0x000001adf14b7280,
0x000001adf14ba7e0, 0x000001adf178ee70
}

Java Threads: ( => current thread )
=>0x000001add112acd0 JavaThread "main" [_thread_in_vm, id=8864, stack(0x0000001f75600000,0x0000001f75700000)]
  0x000001adf07b22e0 JavaThread "Reference Handler" daemon [_thread_blocked, id=9124, stack(0x0000001f75d00000,0x0000001f75e00000)]
  0x000001adf07b2eb0 JavaThread "Finalizer" daemon [_thread_blocked, id=6404, stack(0x0000001f75e00000,0x0000001f75f00000)]
  0x000001adf07ca610 JavaThread "Signal Dispatcher" daemon [_thread_blocked, id=3160, stack(0x0000001f75f00000,0x0000001f76000000)]
  0x000001adf07caf20 JavaThread "Attach Listener" daemon [_thread_blocked, id=10352, stack(0x0000001f76000000,0x0000001f76100000)]
  0x000001adf07cb830 JavaThread "Service Thread" daemon [_thread_blocked, id=3040, stack(0x0000001f76100000,0x0000001f76200000)]
  0x000001adf07cc140 JavaThread "Monitor Deflation Thread" daemon [_thread_blocked, id=14024, stack(0x0000001f76200000,0x0000001f76300000)]
  0x000001adf07cca50 JavaThread "C1 CompilerThread0" daemon [_thread_blocked, id=4396, stack(0x0000001f76300000,0x0000001f76400000)]
  0x000001adf07ce3b0 JavaThread "Sweeper thread" daemon [_thread_blocked, id=3088, stack(0x0000001f76400000,0x0000001f76500000)]
  0x000001adf1467fb0 JavaThread "Common-Cleaner" daemon [_thread_blocked, id=15092, stack(0x0000001f76500000,0x0000001f76600000)]
  0x000001adf14a5760 JavaThread "JDWP Transport Listener: dt_socket" daemon [_thread_blocked, id=14920, stack(0x0000001f76600000,0x0000001f76700000)]
  0x000001adf14b7280 JavaThread "JDWP Event Helper Thread" daemon [_thread_blocked, id=13984, stack(0x0000001f76700000,0x0000001f76800000)]
  0x000001adf14ba7e0 JavaThread "JDWP Command Reader" daemon [_thread_in_native, id=6684, stack(0x0000001f76800000,0x0000001f76900000)]
  0x000001adf178ee70 JavaThread "Notification Thread" daemon [_thread_blocked, id=10868, stack(0x0000001f76900000,0x0000001f76a00000)]

Other Threads:
  0x000001adf07ac870 VMThread "VM Thread" [stack: 0x0000001f75c00000,0x0000001f75d00000] [id=14148]
  0x000001add1166e90 GCTaskThread "GC Thread#0" [stack: 0x0000001f75700000,0x0000001f75800000] [id=14076]
  0x000001add1178cc0 ConcurrentGCThread "G1 Main Marker" [stack: 0x0000001f75800000,0x0000001f75900000] [id=6396]
  0x000001add117b660 ConcurrentGCThread "G1 Conc#0" [stack: 0x0000001f75900000,0x0000001f75a00000] [id=13348]
  0x000001add11ebf50 ConcurrentGCThread "G1 Refine#0" [stack: 0x0000001f75a00000,0x0000001f75b00000] [id=10348]
  0x000001add11ec8e0 ConcurrentGCThread "G1 Service" [stack: 0x0000001f75b00000,0x0000001f75c00000] [id=13608]

Threads with active compile tasks:

VM state: not at safepoint (normal execution)

VM Mutex/Monitor currently owned by a thread:  ([mutex/lock_event])
[0x000001add11269e0] MetaspaceExpand_lock - owner thread: 0x000001add112acd0

Heap address: 0x0000000089200000, size: 1902 MB, Compressed Oops mode: 32-bit

CDS archive(s) mapped at: [0x0000000800000000-0x0000000800bb0000-0x0000000800bb0000), size 12255232, SharedBaseAddress: 0x0000000800000000, ArchiveRelocationMode: 0.
Compressed class space mapped at: 0x0000000800c00000-0x0000000840c00000, reserved size: 1073741824
Narrow klass base: 0x0000000800000000, Narrow klass shift: 3, Narrow klass range: 0x100000000

GC Precious Log:
 CPUs: 6 total, 6 available
 Memory: 7600M
 Large Page Support: Disabled
 NUMA Support: Disabled
 Compressed Oops: Enabled (32-bit)
 Heap Region Size: 1M
 Heap Min Capacity: 8M
 Heap Initial Capacity: 120M
 Heap Max Capacity: 1902M
 Pre-touch: Disabled
 Parallel Workers: 6
 Concurrent Workers: 2
 Concurrent Refinement Workers: 6
 Periodic GC: Disabled

Heap:
 garbage-first heap   total 122880K, used 6144K [0x0000000089200000, 0x0000000100000000)
  region size 1024K, 7 young (7168K), 0 survivors (0K)
 Metaspace       used 801K, committed 896K, reserved 1056768K
  class space    used 64K, committed 128K, reserved 1048576K

Heap Regions: E=young(eden), S=young(survivor), O=old, HS=humongous(starts), HC=humongous(continues), CS=collection set, F=free, OA=open archive, CA=closed archive, TAMS=top-at-mark-start (previous, next)
|   0|0x0000000089200000, 0x0000000089300000, 0x0000000089300000|100%|HS|  |TAMS 0x0000000089200000, 0x0000000089200000| Complete 
|   1|0x0000000089300000, 0x0000000089300000, 0x0000000089400000|  0%| F|  |TAMS 0x0000000089300000, 0x0000000089300000| Untracked 
|   2|0x0000000089400000, 0x0000000089400000, 0x0000000089500000|  0%| F|  |TAMS 0x0000000089400000, 0x0000000089400000| Untracked 
|   3|0x0000000089500000, 0x0000000089500000, 0x0000000089600000|  0%| F|  |TAMS 0x0000000089500000, 0x0000000089500000| Untracked 
|   4|0x0000000089600000, 0x0000000089600000, 0x0000000089700000|  0%| F|  |TAMS 0x0000000089600000, 0x0000000089600000| Untracked 
|   5|0x0000000089700000, 0x0000000089700000, 0x0000000089800000|  0%| F|  |TAMS 0x0000000089700000, 0x0000000089700000| Untracked 
|   6|0x0000000089800000, 0x0000000089800000, 0x0000000089900000|  0%| F|  |TAMS 0x0000000089800000, 0x0000000089800000| Untracked 
|   7|0x0000000089900000, 0x0000000089900000, 0x0000000089a00000|  0%| F|  |TAMS 0x0000000089900000, 0x0000000089900000| Untracked 
|   8|0x0000000089a00000, 0x0000000089a00000, 0x0000000089b00000|  0%| F|  |TAMS 0x0000000089a00000, 0x0000000089a00000| Untracked 
|   9|0x0000000089b00000, 0x0000000089b00000, 0x0000000089c00000|  0%| F|  |TAMS 0x0000000089b00000, 0x0000000089b00000| Untracked 
|  10|0x0000000089c00000, 0x0000000089c00000, 0x0000000089d00000|  0%| F|  |TAMS 0x0000000089c00000, 0x0000000089c00000| Untracked 
|  11|0x0000000089d00000, 0x0000000089d00000, 0x0000000089e00000|  0%| F|  |TAMS 0x0000000089d00000, 0x0000000089d00000| Untracked 
|  12|0x0000000089e00000, 0x0000000089e00000, 0x0000000089f00000|  0%| F|  |TAMS 0x0000000089e00000, 0x0000000089e00000| Untracked 
|  13|0x0000000089f00000, 0x0000000089f00000, 0x000000008a000000|  0%| F|  |TAMS 0x0000000089f00000, 0x0000000089f00000| Untracked 
|  14|0x000000008a000000, 0x000000008a000000, 0x000000008a100000|  0%| F|  |TAMS 0x000000008a000000, 0x000000008a000000| Untracked 
|  15|0x000000008a100000, 0x000000008a100000, 0x000000008a200000|  0%| F|  |TAMS 0x000000008a100000, 0x000000008a100000| Untracked 
|  16|0x000000008a200000, 0x000000008a200000, 0x000000008a300000|  0%| F|  |TAMS 0x000000008a200000, 0x000000008a200000| Untracked 
|  17|0x000000008a300000, 0x000000008a300000, 0x000000008a400000|  0%| F|  |TAMS 0x000000008a300000, 0x000000008a300000| Untracked 
|  18|0x000000008a400000, 0x000000008a400000, 0x000000008a500000|  0%| F|  |TAMS 0x000000008a400000, 0x000000008a400000| Untracked 
|  19|0x000000008a500000, 0x000000008a500000, 0x000000008a600000|  0%| F|  |TAMS 0x000000008a500000, 0x000000008a500000| Untracked 
|  20|0x000000008a600000, 0x000000008a600000, 0x000000008a700000|  0%| F|  |TAMS 0x000000008a600000, 0x000000008a600000| Untracked 
|  21|0x000000008a700000, 0x000000008a700000, 0x000000008a800000|  0%| F|  |TAMS 0x000000008a700000, 0x000000008a700000| Untracked 
|  22|0x000000008a800000, 0x000000008a800000, 0x000000008a900000|  0%| F|  |TAMS 0x000000008a800000, 0x000000008a800000| Untracked 
|  23|0x000000008a900000, 0x000000008a900000, 0x000000008aa00000|  0%| F|  |TAMS 0x000000008a900000, 0x000000008a900000| Untracked 
|  24|0x000000008aa00000, 0x000000008aa00000, 0x000000008ab00000|  0%| F|  |TAMS 0x000000008aa00000, 0x000000008aa00000| Untracked 
|  25|0x000000008ab00000, 0x000000008ab00000, 0x000000008ac00000|  0%| F|  |TAMS 0x000000008ab00000, 0x000000008ab00000| Untracked 
|  26|0x000000008ac00000, 0x000000008ac00000, 0x000000008ad00000|  0%| F|  |TAMS 0x000000008ac00000, 0x000000008ac00000| Untracked 
|  27|0x000000008ad00000, 0x000000008ad00000, 0x000000008ae00000|  0%| F|  |TAMS 0x000000008ad00000, 0x000000008ad00000| Untracked 
|  28|0x000000008ae00000, 0x000000008ae00000, 0x000000008af00000|  0%| F|  |TAMS 0x000000008ae00000, 0x000000008ae00000| Untracked 
|  29|0x000000008af00000, 0x000000008af00000, 0x000000008b000000|  0%| F|  |TAMS 0x000000008af00000, 0x000000008af00000| Untracked 
|  30|0x000000008b000000, 0x000000008b000000, 0x000000008b100000|  0%| F|  |TAMS 0x000000008b000000, 0x000000008b000000| Untracked 
|  31|0x000000008b100000, 0x000000008b100000, 0x000000008b200000|  0%| F|  |TAMS 0x000000008b100000, 0x000000008b100000| Untracked 
|  32|0x000000008b200000, 0x000000008b200000, 0x000000008b300000|  0%| F|  |TAMS 0x000000008b200000, 0x000000008b200000| Untracked 
|  33|0x000000008b300000, 0x000000008b300000, 0x000000008b400000|  0%| F|  |TAMS 0x000000008b300000, 0x000000008b300000| Untracked 
|  34|0x000000008b400000, 0x000000008b400000, 0x000000008b500000|  0%| F|  |TAMS 0x000000008b400000, 0x000000008b400000| Untracked 
|  35|0x000000008b500000, 0x000000008b500000, 0x000000008b600000|  0%| F|  |TAMS 0x000000008b500000, 0x000000008b500000| Untracked 
|  36|0x000000008b600000, 0x000000008b600000, 0x000000008b700000|  0%| F|  |TAMS 0x000000008b600000, 0x000000008b600000| Untracked 
|  37|0x000000008b700000, 0x000000008b700000, 0x000000008b800000|  0%| F|  |TAMS 0x000000008b700000, 0x000000008b700000| Untracked 
|  38|0x000000008b800000, 0x000000008b800000, 0x000000008b900000|  0%| F|  |TAMS 0x000000008b800000, 0x000000008b800000| Untracked 
|  39|0x000000008b900000, 0x000000008b900000, 0x000000008ba00000|  0%| F|  |TAMS 0x000000008b900000, 0x000000008b900000| Untracked 
|  40|0x000000008ba00000, 0x000000008ba00000, 0x000000008bb00000|  0%| F|  |TAMS 0x000000008ba00000, 0x000000008ba00000| Untracked 
|  41|0x000000008bb00000, 0x000000008bb00000, 0x000000008bc00000|  0%| F|  |TAMS 0x000000008bb00000, 0x000000008bb00000| Untracked 
|  42|0x000000008bc00000, 0x000000008bc00000, 0x000000008bd00000|  0%| F|  |TAMS 0x000000008bc00000, 0x000000008bc00000| Untracked 
|  43|0x000000008bd00000, 0x000000008bd00000, 0x000000008be00000|  0%| F|  |TAMS 0x000000008bd00000, 0x000000008bd00000| Untracked 
|  44|0x000000008be00000, 0x000000008be00000, 0x000000008bf00000|  0%| F|  |TAMS 0x000000008be00000, 0x000000008be00000| Untracked 
|  45|0x000000008bf00000, 0x000000008bf00000, 0x000000008c000000|  0%| F|  |TAMS 0x000000008bf00000, 0x000000008bf00000| Untracked 
|  46|0x000000008c000000, 0x000000008c000000, 0x000000008c100000|  0%| F|  |TAMS 0x000000008c000000, 0x000000008c000000| Untracked 
|  47|0x000000008c100000, 0x000000008c100000, 0x000000008c200000|  0%| F|  |TAMS 0x000000008c100000, 0x000000008c100000| Untracked 
|  48|0x000000008c200000, 0x000000008c200000, 0x000000008c300000|  0%| F|  |TAMS 0x000000008c200000, 0x000000008c200000| Untracked 
|  49|0x000000008c300000, 0x000000008c300000, 0x000000008c400000|  0%| F|  |TAMS 0x000000008c300000, 0x000000008c300000| Untracked 
|  50|0x000000008c400000, 0x000000008c400000, 0x000000008c500000|  0%| F|  |TAMS 0x000000008c400000, 0x000000008c400000| Untracked 
|  51|0x000000008c500000, 0x000000008c500000, 0x000000008c600000|  0%| F|  |TAMS 0x000000008c500000, 0x000000008c500000| Untracked 
|  52|0x000000008c600000, 0x000000008c600000, 0x000000008c700000|  0%| F|  |TAMS 0x000000008c600000, 0x000000008c600000| Untracked 
|  53|0x000000008c700000, 0x000000008c700000, 0x000000008c800000|  0%| F|  |TAMS 0x000000008c700000, 0x000000008c700000| Untracked 
|  54|0x000000008c800000, 0x000000008c800000, 0x000000008c900000|  0%| F|  |TAMS 0x000000008c800000, 0x000000008c800000| Untracked 
|  55|0x000000008c900000, 0x000000008c900000, 0x000000008ca00000|  0%| F|  |TAMS 0x000000008c900000, 0x000000008c900000| Untracked 
|  56|0x000000008ca00000, 0x000000008ca00000, 0x000000008cb00000|  0%| F|  |TAMS 0x000000008ca00000, 0x000000008ca00000| Untracked 
|  57|0x000000008cb00000, 0x000000008cb00000, 0x000000008cc00000|  0%| F|  |TAMS 0x000000008cb00000, 0x000000008cb00000| Untracked 
|  58|0x000000008cc00000, 0x000000008cc00000, 0x000000008cd00000|  0%| F|  |TAMS 0x000000008cc00000, 0x000000008cc00000| Untracked 
|  59|0x000000008cd00000, 0x000000008cd00000, 0x000000008ce00000|  0%| F|  |TAMS 0x000000008cd00000, 0x000000008cd00000| Untracked 
|  60|0x000000008ce00000, 0x000000008ce00000, 0x000000008cf00000|  0%| F|  |TAMS 0x000000008ce00000, 0x000000008ce00000| Untracked 
|  61|0x000000008cf00000, 0x000000008cf00000, 0x000000008d000000|  0%| F|  |TAMS 0x000000008cf00000, 0x000000008cf00000| Untracked 
|  62|0x000000008d000000, 0x000000008d000000, 0x000000008d100000|  0%| F|  |TAMS 0x000000008d000000, 0x000000008d000000| Untracked 
|  63|0x000000008d100000, 0x000000008d100000, 0x000000008d200000|  0%| F|  |TAMS 0x000000008d100000, 0x000000008d100000| Untracked 
|  64|0x000000008d200000, 0x000000008d200000, 0x000000008d300000|  0%| F|  |TAMS 0x000000008d200000, 0x000000008d200000| Untracked 
|  65|0x000000008d300000, 0x000000008d300000, 0x000000008d400000|  0%| F|  |TAMS 0x000000008d300000, 0x000000008d300000| Untracked 
|  66|0x000000008d400000, 0x000000008d400000, 0x000000008d500000|  0%| F|  |TAMS 0x000000008d400000, 0x000000008d400000| Untracked 
|  67|0x000000008d500000, 0x000000008d500000, 0x000000008d600000|  0%| F|  |TAMS 0x000000008d500000, 0x000000008d500000| Untracked 
|  68|0x000000008d600000, 0x000000008d600000, 0x000000008d700000|  0%| F|  |TAMS 0x000000008d600000, 0x000000008d600000| Untracked 
|  69|0x000000008d700000, 0x000000008d700000, 0x000000008d800000|  0%| F|  |TAMS 0x000000008d700000, 0x000000008d700000| Untracked 
|  70|0x000000008d800000, 0x000000008d800000, 0x000000008d900000|  0%| F|  |TAMS 0x000000008d800000, 0x000000008d800000| Untracked 
|  71|0x000000008d900000, 0x000000008d900000, 0x000000008da00000|  0%| F|  |TAMS 0x000000008d900000, 0x000000008d900000| Untracked 
|  72|0x000000008da00000, 0x000000008da00000, 0x000000008db00000|  0%| F|  |TAMS 0x000000008da00000, 0x000000008da00000| Untracked 
|  73|0x000000008db00000, 0x000000008db00000, 0x000000008dc00000|  0%| F|  |TAMS 0x000000008db00000, 0x000000008db00000| Untracked 
|  74|0x000000008dc00000, 0x000000008dc00000, 0x000000008dd00000|  0%| F|  |TAMS 0x000000008dc00000, 0x000000008dc00000| Untracked 
|  75|0x000000008dd00000, 0x000000008dd00000, 0x000000008de00000|  0%| F|  |TAMS 0x000000008dd00000, 0x000000008dd00000| Untracked 
|  76|0x000000008de00000, 0x000000008de00000, 0x000000008df00000|  0%| F|  |TAMS 0x000000008de00000, 0x000000008de00000| Untracked 
|  77|0x000000008df00000, 0x000000008df00000, 0x000000008e000000|  0%| F|  |TAMS 0x000000008df00000, 0x000000008df00000| Untracked 
|  78|0x000000008e000000, 0x000000008e000000, 0x000000008e100000|  0%| F|  |TAMS 0x000000008e000000, 0x000000008e000000| Untracked 
|  79|0x000000008e100000, 0x000000008e100000, 0x000000008e200000|  0%| F|  |TAMS 0x000000008e100000, 0x000000008e100000| Untracked 
|  80|0x000000008e200000, 0x000000008e200000, 0x000000008e300000|  0%| F|  |TAMS 0x000000008e200000, 0x000000008e200000| Untracked 
|  81|0x000000008e300000, 0x000000008e300000, 0x000000008e400000|  0%| F|  |TAMS 0x000000008e300000, 0x000000008e300000| Untracked 
|  82|0x000000008e400000, 0x000000008e400000, 0x000000008e500000|  0%| F|  |TAMS 0x000000008e400000, 0x000000008e400000| Untracked 
|  83|0x000000008e500000, 0x000000008e500000, 0x000000008e600000|  0%| F|  |TAMS 0x000000008e500000, 0x000000008e500000| Untracked 
|  84|0x000000008e600000, 0x000000008e600000, 0x000000008e700000|  0%| F|  |TAMS 0x000000008e600000, 0x000000008e600000| Untracked 
|  85|0x000000008e700000, 0x000000008e700000, 0x000000008e800000|  0%| F|  |TAMS 0x000000008e700000, 0x000000008e700000| Untracked 
|  86|0x000000008e800000, 0x000000008e800000, 0x000000008e900000|  0%| F|  |TAMS 0x000000008e800000, 0x000000008e800000| Untracked 
|  87|0x000000008e900000, 0x000000008e900000, 0x000000008ea00000|  0%| F|  |TAMS 0x000000008e900000, 0x000000008e900000| Untracked 
|  88|0x000000008ea00000, 0x000000008ea00000, 0x000000008eb00000|  0%| F|  |TAMS 0x000000008ea00000, 0x000000008ea00000| Untracked 
|  89|0x000000008eb00000, 0x000000008eb00000, 0x000000008ec00000|  0%| F|  |TAMS 0x000000008eb00000, 0x000000008eb00000| Untracked 
|  90|0x000000008ec00000, 0x000000008ec00000, 0x000000008ed00000|  0%| F|  |TAMS 0x000000008ec00000, 0x000000008ec00000| Untracked 
|  91|0x000000008ed00000, 0x000000008ed00000, 0x000000008ee00000|  0%| F|  |TAMS 0x000000008ed00000, 0x000000008ed00000| Untracked 
|  92|0x000000008ee00000, 0x000000008ee00000, 0x000000008ef00000|  0%| F|  |TAMS 0x000000008ee00000, 0x000000008ee00000| Untracked 
|  93|0x000000008ef00000, 0x000000008ef00000, 0x000000008f000000|  0%| F|  |TAMS 0x000000008ef00000, 0x000000008ef00000| Untracked 
|  94|0x000000008f000000, 0x000000008f000000, 0x000000008f100000|  0%| F|  |TAMS 0x000000008f000000, 0x000000008f000000| Untracked 
|  95|0x000000008f100000, 0x000000008f100000, 0x000000008f200000|  0%| F|  |TAMS 0x000000008f100000, 0x000000008f100000| Untracked 
|  96|0x000000008f200000, 0x000000008f200000, 0x000000008f300000|  0%| F|  |TAMS 0x000000008f200000, 0x000000008f200000| Untracked 
|  97|0x000000008f300000, 0x000000008f300000, 0x000000008f400000|  0%| F|  |TAMS 0x000000008f300000, 0x000000008f300000| Untracked 
|  98|0x000000008f400000, 0x000000008f400000, 0x000000008f500000|  0%| F|  |TAMS 0x000000008f400000, 0x000000008f400000| Untracked 
|  99|0x000000008f500000, 0x000000008f500000, 0x000000008f600000|  0%| F|  |TAMS 0x000000008f500000, 0x000000008f500000| Untracked 
| 100|0x000000008f600000, 0x000000008f600000, 0x000000008f700000|  0%| F|  |TAMS 0x000000008f600000, 0x000000008f600000| Untracked 
| 101|0x000000008f700000, 0x000000008f700000, 0x000000008f800000|  0%| F|  |TAMS 0x000000008f700000, 0x000000008f700000| Untracked 
| 102|0x000000008f800000, 0x000000008f800000, 0x000000008f900000|  0%| F|  |TAMS 0x000000008f800000, 0x000000008f800000| Untracked 
| 103|0x000000008f900000, 0x000000008f900000, 0x000000008fa00000|  0%| F|  |TAMS 0x000000008f900000, 0x000000008f900000| Untracked 
| 104|0x000000008fa00000, 0x000000008fa00000, 0x000000008fb00000|  0%| F|  |TAMS 0x000000008fa00000, 0x000000008fa00000| Untracked 
| 105|0x000000008fb00000, 0x000000008fb00000, 0x000000008fc00000|  0%| F|  |TAMS 0x000000008fb00000, 0x000000008fb00000| Untracked 
| 106|0x000000008fc00000, 0x000000008fc00000, 0x000000008fd00000|  0%| F|  |TAMS 0x000000008fc00000, 0x000000008fc00000| Untracked 
| 107|0x000000008fd00000, 0x000000008fd00000, 0x000000008fe00000|  0%| F|  |TAMS 0x000000008fd00000, 0x000000008fd00000| Untracked 
| 108|0x000000008fe00000, 0x000000008fe00000, 0x000000008ff00000|  0%| F|  |TAMS 0x000000008fe00000, 0x000000008fe00000| Untracked 
| 109|0x000000008ff00000, 0x000000008ff00000, 0x0000000090000000|  0%| F|  |TAMS 0x000000008ff00000, 0x000000008ff00000| Untracked 
| 110|0x0000000090000000, 0x0000000090000000, 0x0000000090100000|  0%| F|  |TAMS 0x0000000090000000, 0x0000000090000000| Untracked 
| 111|0x0000000090100000, 0x0000000090100000, 0x0000000090200000|  0%| F|  |TAMS 0x0000000090100000, 0x0000000090100000| Untracked 
| 112|0x0000000090200000, 0x0000000090200000, 0x0000000090300000|  0%| F|  |TAMS 0x0000000090200000, 0x0000000090200000| Untracked 
| 113|0x0000000090300000, 0x00000000903dd518, 0x0000000090400000| 86%| E|  |TAMS 0x0000000090300000, 0x0000000090300000| Complete 
| 114|0x0000000090400000, 0x0000000090500000, 0x0000000090500000|100%| E|CS|TAMS 0x0000000090400000, 0x0000000090400000| Complete 
| 115|0x0000000090500000, 0x0000000090600000, 0x0000000090600000|100%| E|CS|TAMS 0x0000000090500000, 0x0000000090500000| Complete 
| 116|0x0000000090600000, 0x0000000090700000, 0x0000000090700000|100%| E|  |TAMS 0x0000000090600000, 0x0000000090600000| Complete 
| 117|0x0000000090700000, 0x0000000090800000, 0x0000000090800000|100%| E|CS|TAMS 0x0000000090700000, 0x0000000090700000| Complete 
| 118|0x0000000090800000, 0x0000000090900000, 0x0000000090900000|100%| E|CS|TAMS 0x0000000090800000, 0x0000000090800000| Complete 
| 119|0x0000000090900000, 0x0000000090a00000, 0x0000000090a00000|100%| E|CS|TAMS 0x0000000090900000, 0x0000000090900000| Complete 

Card table byte_map: [0x000001ade9c90000,0x000001adea050000] _byte_map_base: 0x000001ade9847000

Marking Bits (Prev, Next): (CMBitMap*) 0x000001add11684a0, (CMBitMap*) 0x000001add11684e0
 Prev Bits: [0x000001adea410000, 0x000001adec1c8000)
 Next Bits: [0x000001adec1d0000, 0x000001adedf88000)

Polling page: 0x000001add1200000

Metaspace:

Usage:
  Non-class:    736.91 KB used.
      Class:     64.47 KB used.
       Both:    801.38 KB used.

Virtual space:
  Non-class space:        8.00 MB reserved,     768.00 KB (  9%) committed,  1 nodes.
      Class space:        1.00 GB reserved,     128.00 KB ( <1%) committed,  1 nodes.
              Both:        1.01 GB reserved,     896.00 KB ( <1%) committed. 

Chunk freelists:
   Non-Class:  3.96 MB
       Class:  3.74 MB
        Both:  7.70 MB

MaxMetaspaceSize: 17179869184.00 GB
CompressedClassSpaceSize: 1.00 GB
 - commit_granule_bytes: 65536.
 - commit_granule_words: 8192.
 - virtual_space_node_default_size: 1048576.
 - enlarge_chunks_in_place: 1.
 - new_chunks_are_fully_committed: 0.
 - uncommit_free_chunks: 1.
 - use_allocation_guard: 0.
 - handle_deallocations: 1.


Internal statistics:

num_allocs_failed_limit: 0.
num_arena_births: 14.
num_arena_deaths: 0.
num_vsnodes_births: 2.
num_vsnodes_deaths: 0.
num_space_committed: 14.
num_space_uncommitted: 0.
num_chunks_returned_to_freelist: 0.
num_chunks_taken_from_freelist: 19.
num_chunk_merges: 0.
num_chunk_splits: 10.
num_chunks_enlarged: 7.
num_purges: 0.

CodeHeap 'non-profiled nmethods': size=238912Kb used=424Kb max_used=424Kb free=238487Kb
 bounds [0x000001adda720000, 0x000001adda990000, 0x000001ade9070000]
CodeHeap 'non-nmethods': size=6848Kb used=1191Kb max_used=1191Kb free=5657Kb
 bounds [0x000001adda070000, 0x000001adda2e0000, 0x000001adda720000]
 total_blobs=742 nmethods=346 adapters=324
 compilation: enabled
              stopped_count=0, restarted_count=0
 full_count=0

Compilation events (20 events):
Event: 1.155 Thread 0x000001adf07cca50  337       1       java.lang.reflect.Method::getModifiers (5 bytes)
Event: 1.155 Thread 0x000001adf07cca50 nmethod 337 0x000001adda786590 code [0x000001adda786720, 0x000001adda7867f8]
Event: 1.155 Thread 0x000001adf07cca50  335       1       java.lang.invoke.MethodType$ConcurrentWeakInternSet$WeakEntry::hashCode (5 bytes)
Event: 1.156 Thread 0x000001adf07cca50 nmethod 335 0x000001adda786890 code [0x000001adda786a20, 0x000001adda786af8]
Event: 1.156 Thread 0x000001adf07cca50  336       1       java.lang.invoke.MethodTypeForm::erasedType (5 bytes)
Event: 1.156 Thread 0x000001adf07cca50 nmethod 336 0x000001adda786b90 code [0x000001adda786d20, 0x000001adda786df8]
Event: 1.156 Thread 0x000001adf07cca50  341       1       jdk.internal.org.objectweb.asm.SymbolTable::get (13 bytes)
Event: 1.156 Thread 0x000001adf07cca50 nmethod 341 0x000001adda787190 code [0x000001adda787320, 0x000001adda787438]
Event: 1.156 Thread 0x000001adf07cca50  342       1       java.lang.invoke.MethodType::checkPtypes (61 bytes)
Event: 1.157 Thread 0x000001adf07cca50 nmethod 342 0x000001adda787510 code [0x000001adda787740, 0x000001adda787c28]
Event: 1.157 Thread 0x000001adf07cca50  344       1       jdk.internal.org.objectweb.asm.ByteVector::putUTF8 (144 bytes)
Event: 1.157 Thread 0x000001adf07cca50 nmethod 344 0x000001adda787f90 code [0x000001adda7881a0, 0x000001adda7886c8]
Event: 1.157 Thread 0x000001adf07cca50  343       1       jdk.internal.org.objectweb.asm.SymbolTable::hash (10 bytes)
Event: 1.157 Thread 0x000001adf07cca50 nmethod 343 0x000001adda788b90 code [0x000001adda788d20, 0x000001adda788e08]
Event: 1.157 Thread 0x000001adf07cca50  345       1       jdk.internal.org.objectweb.asm.Symbol::<init> (38 bytes)
Event: 1.157 Thread 0x000001adf07cca50 nmethod 345 0x000001adda788f10 code [0x000001adda7890a0, 0x000001adda789298]
Event: 1.157 Thread 0x000001adf07cca50  346       1       jdk.internal.org.objectweb.asm.SymbolTable::put (150 bytes)
Event: 1.157 Thread 0x000001adf07cca50 nmethod 346 0x000001adda789310 code [0x000001adda7894e0, 0x000001adda789a98]
Event: 1.157 Thread 0x000001adf07cca50  347       1       jdk.internal.org.objectweb.asm.ByteVector::putShort (52 bytes)
Event: 1.158 Thread 0x000001adf07cca50 nmethod 347 0x000001adda789d90 code [0x000001adda789f40, 0x000001adda78a0c8]

GC Heap History (0 events):
No events

Deoptimization events (0 events):
No events

Classes unloaded (0 events):
No events

Classes redefined (0 events):
No events

Internal exceptions (3 events):
Event: 1.131 Thread 0x000001add112acd0 Exception <a 'java/lang/NoSuchMethodError'{0x00000000904cc378}: 'void java.lang.invoke.DirectMethodHandle$Holder.invokeSpecial(java.lang.Object, java.lang.Object, java.lang.Object)'> (0x00000000904cc378) 
thrown [t:\workspace\open\src\hotspot\share\interpreter\linkResolver.cpp, line 790]
Event: 1.156 Thread 0x000001add112acd0 Exception <a 'java/lang/NoSuchMethodError'{0x0000000090394028}: 'java.lang.Object java.lang.invoke.DirectMethodHandle$Holder.invokeStatic(java.lang.Object)'> (0x0000000090394028) 
thrown [t:\workspace\open\src\hotspot\share\interpreter\linkResolver.cpp, line 790]
Event: 1.156 Thread 0x000001add112acd0 Exception <a 'java/lang/NoSuchMethodError'{0x0000000090397778}: 'java.lang.Object java.lang.invoke.DirectMethodHandle$Holder.invokeStaticInit(java.lang.Object)'> (0x0000000090397778) 
thrown [t:\workspace\open\src\hotspot\share\interpreter\linkResolver.cpp, line 790]

Events (20 events):
Event: 1.159 loading class javax/management/MBeanNotificationInfo done
Event: 1.159 loading class javax/management/MBeanInfo
Event: 1.160 loading class javax/management/MBeanInfo done
Event: 1.160 loading class com/sun/jmx/mbeanserver/Util
Event: 1.160 loading class com/sun/jmx/mbeanserver/Util done
Event: 1.160 loading class javax/management/ObjectName
Event: 1.160 loading class javax/management/QueryExp
Event: 1.160 loading class javax/management/QueryExp done
Event: 1.160 loading class javax/management/ObjectName done
Event: 1.160 loading class javax/management/ObjectName$Property
Event: 1.160 loading class javax/management/ObjectName$Property done
Event: 1.161 loading class java/util/ComparableTimSort
Event: 1.161 loading class java/util/ComparableTimSort done
Event: 1.161 loading class javax/management/MBeanAttributeInfo
Event: 1.161 loading class javax/management/MBeanAttributeInfo done
Event: 1.161 loading class javax/management/NotificationBroadcasterSupport
Event: 1.161 loading class javax/management/NotificationBroadcasterSupport done
Event: 1.161 loading class javax/management/NotificationBroadcasterSupport$1
Event: 1.161 loading class javax/management/NotificationBroadcasterSupport$1 done
Event: 1.161 loading class com/sun/jmx/remote/util/ClassLogger


Dynamic libraries:
0x00007ff669ce0000 - 0x00007ff669cf0000 	C:\Users\User\Documents\jdk16\bin\java.exe
0x00007ffc76a50000 - 0x00007ffc76c45000 	C:\WINDOWS\SYSTEM32\ntdll.dll
0x00007ffc74be0000 - 0x00007ffc74c9d000 	C:\WINDOWS\System32\KERNEL32.DLL
0x00007ffc74290000 - 0x00007ffc74559000 	C:\WINDOWS\System32\KERNELBASE.dll
0x00007ffc74870000 - 0x00007ffc74970000 	C:\WINDOWS\System32\ucrtbase.dll
0x00007ffc5da50000 - 0x00007ffc5da68000 	C:\Users\User\Documents\jdk16\bin\jli.dll
0x00007ffc63280000 - 0x00007ffc63299000 	C:\Users\User\Documents\jdk16\bin\VCRUNTIME140.dll
0x00007ffc75550000 - 0x00007ffc755fc000 	C:\WINDOWS\System32\ADVAPI32.dll
0x00007ffc75010000 - 0x00007ffc750ae000 	C:\WINDOWS\System32\msvcrt.dll
0x00007ffc75b70000 - 0x00007ffc75c0b000 	C:\WINDOWS\System32\sechost.dll
0x00007ffc76750000 - 0x00007ffc7687a000 	C:\WINDOWS\System32\RPCRT4.dll
0x00007ffc74db0000 - 0x00007ffc74f50000 	C:\WINDOWS\System32\USER32.dll
0x00007ffc74230000 - 0x00007ffc74252000 	C:\WINDOWS\System32\win32u.dll
0x00007ffc75490000 - 0x00007ffc754ba000 	C:\WINDOWS\System32\GDI32.dll
0x00007ffc74760000 - 0x00007ffc7486b000 	C:\WINDOWS\System32\gdi32full.dll
0x00007ffc69d50000 - 0x00007ffc69fea000 	C:\WINDOWS\WinSxS\amd64_microsoft.windows.common-controls_6595b64144ccf1df_6.0.19041.1110_none_60b5254171f9507e\COMCTL32.dll
0x00007ffc74560000 - 0x00007ffc745fd000 	C:\WINDOWS\System32\msvcp_win.dll
0x00007ffc6d020000 - 0x00007ffc6d02a000 	C:\WINDOWS\SYSTEM32\VERSION.dll
0x00007ffc76350000 - 0x00007ffc76380000 	C:\WINDOWS\System32\IMM32.DLL
0x00007ffc6ee80000 - 0x00007ffc6ee8c000 	C:\Users\User\Documents\jdk16\bin\vcruntime140_1.dll
0x00007ffc51920000 - 0x00007ffc519b1000 	C:\Users\User\Documents\jdk16\bin\msvcp140.dll
0x00007ffc408e0000 - 0x00007ffc4148b000 	C:\Users\User\Documents\jdk16\bin\server\jvm.dll
0x00007ffc75600000 - 0x00007ffc75608000 	C:\WINDOWS\System32\PSAPI.DLL
0x00007ffc6d030000 - 0x00007ffc6d057000 	C:\WINDOWS\SYSTEM32\WINMM.dll
0x00007ffc70b20000 - 0x00007ffc70b29000 	C:\WINDOWS\SYSTEM32\WSOCK32.dll
0x00007ffc766e0000 - 0x00007ffc7674b000 	C:\WINDOWS\System32\WS2_32.dll
0x00007ffc72a10000 - 0x00007ffc72a22000 	C:\WINDOWS\SYSTEM32\kernel.appcore.dll
0x00007ffc6edf0000 - 0x00007ffc6edfa000 	C:\Users\User\Documents\jdk16\bin\jimage.dll
0x00007ffc72800000 - 0x00007ffc729e4000 	C:\WINDOWS\SYSTEM32\DBGHELP.DLL
0x00007ffc6f780000 - 0x00007ffc6f7ac000 	C:\WINDOWS\SYSTEM32\dbgcore.DLL
0x00007ffc74970000 - 0x00007ffc749f3000 	C:\WINDOWS\System32\bcryptPrimitives.dll
0x00007ffc524d0000 - 0x00007ffc5250b000 	C:\Users\User\Documents\jdk16\bin\jdwp.dll
0x00007ffc6b5c0000 - 0x00007ffc6b5ce000 	C:\Users\User\Documents\jdk16\bin\instrument.dll
0x00007ffc59400000 - 0x00007ffc59425000 	C:\Users\User\Documents\jdk16\bin\java.dll
0x00007ffc75c10000 - 0x00007ffc7634f000 	C:\WINDOWS\System32\SHELL32.dll
0x00007ffc71fa0000 - 0x00007ffc72730000 	C:\WINDOWS\SYSTEM32\windows.storage.dll
0x00007ffc76380000 - 0x00007ffc766d5000 	C:\WINDOWS\System32\combase.dll
0x00007ffc73be0000 - 0x00007ffc73c0c000 	C:\WINDOWS\SYSTEM32\Wldp.dll
0x00007ffc76960000 - 0x00007ffc76a0e000 	C:\WINDOWS\System32\SHCORE.dll
0x00007ffc74fb0000 - 0x00007ffc75005000 	C:\WINDOWS\System32\shlwapi.dll
0x00007ffc740c0000 - 0x00007ffc740df000 	C:\WINDOWS\SYSTEM32\profapi.dll
0x00007ffc654b0000 - 0x00007ffc654bc000 	C:\Users\User\Documents\jdk16\bin\dt_socket.dll
0x00007ffc735c0000 - 0x00007ffc735fb000 	C:\WINDOWS\SYSTEM32\IPHLPAPI.DLL
0x00007ffc738d0000 - 0x00007ffc7393a000 	C:\WINDOWS\system32\mswsock.dll
0x00007ffc58e60000 - 0x00007ffc58e78000 	C:\Users\User\Documents\jdk16\bin\zip.dll
0x00007ffc5d600000 - 0x00007ffc5d619000 	C:\Users\User\Documents\jdk16\bin\net.dll
0x00007ffc6e760000 - 0x00007ffc6e868000 	C:\WINDOWS\SYSTEM32\WINHTTP.dll
0x00007ffc593e0000 - 0x00007ffc593f3000 	C:\Users\User\Documents\jdk16\bin\nio.dll
0x00007ffc73600000 - 0x00007ffc736cc000 	C:\WINDOWS\SYSTEM32\DNSAPI.dll
0x00007ffc76950000 - 0x00007ffc76958000 	C:\WINDOWS\System32\NSI.dll
0x00007ffc6a920000 - 0x00007ffc6a92a000 	C:\Windows\System32\rasadhlp.dll
0x00007ffc6c130000 - 0x00007ffc6c1af000 	C:\WINDOWS\System32\fwpuclnt.dll
0x00007ffc74260000 - 0x00007ffc74287000 	C:\WINDOWS\System32\bcrypt.dll
0x00007ffc63400000 - 0x00007ffc63409000 	C:\Users\User\Documents\jdk16\bin\management.dll

dbghelp: loaded successfully - version: 4.0.5 - missing functions: none
symbol engine: initialized successfully - sym options: 0x614 - pdb path: .;C:\Users\User\Documents\jdk16\bin;C:\WINDOWS\SYSTEM32;C:\WINDOWS\WinSxS\amd64_microsoft.windows.common-controls_6595b64144ccf1df_6.0.19041.1110_none_60b5254171f9507e;C:\Users\User\Documents\jdk16\bin\server

VM Arguments:
jvm_args: -agentlib:jdwp=transport=dt_socket,address=127.0.0.1:63237,suspend=y,server=n -XX:TieredStopAtLevel=1 -Xverify:none -Dspring.output.ansi.enabled=always -javaagent:C:\Users\User\AppData\Local\JetBrains\IntelliJIdea2021.1\captureAgent\debugger-agent.jar -Dcom.sun.management.jmxremote -Dspring.jmx.enabled=true -Dspring.liveBeansView.mbeanDomain -Dspring.application.admin.enabled=true -Dfile.encoding=UTF-8 
java_command: tech.employee.tech.TechApplication
java_class_path (initial): C:\MyFiles\Projects\Java\Spring\tech\target\classes;C:\Users\User\.m2\repository\org\springframework\boot\spring-boot-starter-data-jpa\2.5.6\spring-boot-starter-data-jpa-2.5.6.jar;C:\Users\User\.m2\repository\org\springframework\boot\spring-boot-starter-aop\2.5.6\spring-boot-starter-aop-2.5.6.jar;C:\Users\User\.m2\repository\org\springframework\spring-aop\5.3.12\spring-aop-5.3.12.jar;C:\Users\User\.m2\repository\org\aspectj\aspectjweaver\1.9.7\aspectjweaver-1.9.7.jar;C:\Users\User\.m2\repository\org\springframework\boot\spring-boot-starter-jdbc\2.5.6\spring-boot-starter-jdbc-2.5.6.jar;C:\Users\User\.m2\repository\com\zaxxer\HikariCP\4.0.3\HikariCP-4.0.3.jar;C:\Users\User\.m2\repository\org\springframework\spring-jdbc\5.3.12\spring-jdbc-5.3.12.jar;C:\Users\User\.m2\repository\jakarta\transaction\jakarta.transaction-api\1.3.3\jakarta.transaction-api-1.3.3.jar;C:\Users\User\.m2\repository\jakarta\persistence\jakarta.persistence-api\2.2.3\jakarta.persistence-api-2.2.3.jar;C:\Users\User\.m2\repository\org\hibernate\hibernate-core\5.4.32.Final\hibernate-core-5.4.32.Final.jar;C:\Users\User\.m2\repository\org\jboss\logging\jboss-logging\3.4.2.Final\jboss-logging-3.4.2.Final.jar;C:\Users\User\.m2\repository\org\javassist\javassist\3.27.0-GA\javassist-3.27.0-GA.jar;C:\Users\User\.m2\repository\net\bytebuddy\byte-buddy\1.10.22\byte-buddy-1.10.22.jar;C:\Users\User\.m2\repository\antlr\antlr\2.7.7\antlr-2.7.7.jar;C:\Users\User\.m2\repository\org\jboss\jandex\2.2.3.Final\jandex-2.2.3.Final.jar;C:\Users\User\.m2\repository\com\fasterxml\classmate\1.5.1\classmate-1.5.1.jar;C:\Users\User\.m2\repository\org\dom4j\dom4j\2.1.3\dom4j-2.1.3.jar;C:\Users\User\.m2\repository\org\hibernate\common\hibernate-commons-annotations\5.1.2.Final\hibernate-commons-annotations-5.1.2.Final.jar;C:\Users\User\.m2\repository\org\glassfish\jaxb\jaxb-runtime\2.3.5\jaxb-runtime-2.3.5.jar;C:\Users\User\.m2\repository\org\glassfish\jaxb\txw2\2.3.5\txw2-2.3.5.jar;C:\Users\User\.m2\
Launcher Type: SUN_STANDARD

[Global flags]
     intx CICompilerCount                          = 3                                         {product} {ergonomic}
     uint ConcGCThreads                            = 2                                         {product} {ergonomic}
     uint G1ConcRefinementThreads                  = 6                                         {product} {ergonomic}
   size_t G1HeapRegionSize                         = 1048576                                   {product} {ergonomic}
    uintx GCDrainStackTargetSize                   = 64                                        {product} {ergonomic}
   size_t InitialHeapSize                          = 125829120                                 {product} {ergonomic}
     bool ManagementServer                         = true                                      {product} {command line}
   size_t MarkStackSize                            = 4194304                                   {product} {ergonomic}
   size_t MaxHeapSize                              = 1994391552                                {product} {ergonomic}
   size_t MaxNewSize                               = 1196425216                                {product} {ergonomic}
   size_t MinHeapDeltaBytes                        = 1048576                                   {product} {ergonomic}
   size_t MinHeapSize                              = 8388608                                   {product} {ergonomic}
    uintx NonNMethodCodeHeapSize                   = 6973028                                {pd product} {ergonomic}
    uintx NonProfiledCodeHeapSize                  = 244685212                              {pd product} {ergonomic}
    uintx ProfiledCodeHeapSize                     = 0                                      {pd product} {ergonomic}
    uintx ReservedCodeCacheSize                    = 251658240                              {pd product} {ergonomic}
     bool SegmentedCodeCache                       = true                                      {product} {ergonomic}
   size_t SoftMaxHeapSize                          = 1994391552                             {manageable} {ergonomic}
     intx TieredStopAtLevel                        = 1                                         {product} {command line}
     bool UseCompressedClassPointers               = true                           {product lp64_product} {ergonomic}
     bool UseCompressedOops                        = true                           {product lp64_product} {ergonomic}
     bool UseG1GC                                  = true                                      {product} {ergonomic}
     bool UseLargePagesIndividualAllocation        = false                                  {pd product} {ergonomic}

Logging:
Log output configuration:
 #0: stdout all=warning uptime,level,tags
 #1: stderr all=off uptime,level,tags

Environment Variables:
JAVA_HOME=C:\Programms\.jdks\jdk-15
PATH=C:\Program Files\Common Files\Oracle\Java\javapath;C:\Program Files\AdoptOpenJDK\jdk-15.0.2.7-hotspot\bin;C:\Windows\system32;C:\Windows;C:\Windows\System32\Wbem;C:\Windows\System32\WindowsPowerShell\v1.0\;C:\Windows\System32\OpenSSH\;C:\Program Files (x86)\NVIDIA Corporation\PhysX\Common;C:\Program Files\7-Zip;C:\Programms\nodejs\;C:\Programms\Putty\;C:\Programms\WinSCP\;C:\ProgramData\chocolatey\bin;C:\Programms\.jdks\jdk-15\bin;C:\MinGW\bin;C:\Programms\Git\cmd;C:\Programms\Git\mingw64\bin;C:\Programms\Git\usr\bin;C:\WINDOWS\system32;C:\WINDOWS;C:\WINDOWS\System32\Wbem;C:\WINDOWS\System32\WindowsPowerShell\v1.0\;C:\WINDOWS\System32\OpenSSH;C:\Program Files\dotnet\;C:\Users\User\AppData\Local\Programs\Python\Python39\Scripts\;C:\Users\User\AppData\Local\Programs\Python\Python39\;C:\Users\User\AppData\Local\Microsoft\WindowsApps;C:\Users\User\AppData\Roaming\npm;C:\Programms\IntelliJ\IntelliJ IDEA 2020.3.3\bin;C:\Programms\Microsoft VS Code\bin;C:\Users\User\AppData\Roaming\cabal\bin;C:\ProgramData\chocolatey\lib\ghc\tools\ghc-8.10.4\bin;C:\tools\msys64;C:\Programms\WebStorm 2021.1.2\bin;C:\Users\User\Documents\flutter\bin;C:\Programms\PyCharm 2021.2.2\bin;;C:\Programms\PhpStorm 2021.2.2\bin;;C:\Users\User\AppData\Local\atom\bin;C:\Users\User\.dotnet\tools
USERNAME=User
OS=Windows_NT
PROCESSOR_IDENTIFIER=AMD64 Family 23 Model 96 Stepping 1, AuthenticAMD



---------------  S Y S T E M  ---------------

OS:
 Windows 10 , 64 bit Build 19041 (10.0.19041.1151)
OS uptime: 8 days 23:41 hours

CPU: total 6 (initial active 6) (6 cores per cpu, 1 threads per core) family 23 model 96 stepping 1 microcode 0x0, cx8, cmov, fxsr, mmx, 3dnowpref, sse, sse2, sse3, ssse3, sse4a, sse4.1, sse4.2, popcnt, lzcnt, tsc, tscinvbit, avx, avx2, aes, clmul, bmi1, bmi2, adx, sha, fma, vzeroupper, clflush, clflushopt

Memory: 4k page, system-wide physical 7600M (483M free)
TotalPageFile size 11696M (AvailPageFile size 124M)
current process WorkingSet (physical memory assigned to process): 39M, peak: 39M
current process commit charge ("private bytes"): 198M, peak: 198M

vm_info: Java HotSpot(TM) 64-Bit Server VM (16.0.2+7-67) for windows-amd64 JRE (16.0.2+7-67), built on Jun  8 2021 23:24:19 by "mach5one" with MS VC++ 16.7 (VS2019)

END.
